Using pre-set license
Built from '2020.3/staging' branch; Version is '2020.3.11f1 (99c7afb366b3) revision 10078127'; Using compiler version '192528614'; Build Type 'Release'
OS: 'Windows 10 Education; OS build 18363.1977; Version 1909; 64bit' Language: 'en' Physical Memory: 16311 MB
BatchMode: 1, IsHumanControllingUs: 0, StartBugReporterOnCrash: 0, Is64bit: 1, IsPro: 0

 COMMAND LINE ARGUMENTS:
C:\Program Files\Unity\Hub\Editor\2020.3.11f1\Editor\Unity.exe
-adb2
-batchMode
-noUpm
-name
AssetImportWorker0
-projectPath
D:/Venicio/Documentos/GameDeveloper/SiegeDuels/SiegeDuels
-logFile
Logs/AssetImportWorker0.log
-srvPort
64079
Successfully changed project path to: D:/Venicio/Documentos/GameDeveloper/SiegeDuels/SiegeDuels
D:/Venicio/Documentos/GameDeveloper/SiegeDuels/SiegeDuels
Using Asset Import Pipeline V2.
Refreshing native plugins compatible for Editor in 47.97 ms, found 2 plugins.
Preloading 0 native plugins for Editor in 0.00 ms.
Initialize engine version: 2020.3.11f1 (99c7afb366b3)
[Subsystems] Discovering subsystems at path C:/Program Files/Unity/Hub/Editor/2020.3.11f1/Editor/Data/Resources/UnitySubsystems
[Subsystems] Discovering subsystems at path D:/Venicio/Documentos/GameDeveloper/SiegeDuels/SiegeDuels/Assets
GfxDevice: creating device client; threaded=0
Direct3D:
    Version:  Direct3D 11.0 [level 11.1]
    Renderer: NVIDIA GeForce GTX 1060 6GB (ID=0x1c03)
    Vendor:   
    VRAM:     6052 MB
    Driver:   30.0.14.9613
Initialize mono
Mono path[0] = 'C:/Program Files/Unity/Hub/Editor/2020.3.11f1/Editor/Data/Managed'
Mono path[1] = 'C:/Program Files/Unity/Hub/Editor/2020.3.11f1/Editor/Data/MonoBleedingEdge/lib/mono/unityjit'
Mono config path = 'C:/Program Files/Unity/Hub/Editor/2020.3.11f1/Editor/Data/MonoBleedingEdge/etc'
Using monoOptions --debugger-agent=transport=dt_socket,embedding=1,server=y,suspend=n,address=127.0.0.1:56336
Begin MonoManager ReloadAssembly
Registering precompiled unity dll's ...
Register platform support module: C:/Program Files/Unity/Hub/Editor/2020.3.11f1/Editor/Data/PlaybackEngines/WindowsStandaloneSupport/UnityEditor.WindowsStandalone.Extensions.dll
Registered in 0.002174 seconds.
Native extension for WindowsStandalone target not found
Refreshing native plugins compatible for Editor in 42.68 ms, found 2 plugins.
Preloading 0 native plugins for Editor in 0.00 ms.
Mono: successfully reloaded assembly
- Completed reload, in  2.045 seconds
Platform modules already initialized, skipping
Registering precompiled user dll's ...
Registered in 0.003830 seconds.
Begin MonoManager ReloadAssembly
Native extension for WindowsStandalone target not found
Refreshing native plugins compatible for Editor in 118.48 ms, found 2 plugins.
Preloading 0 native plugins for Editor in 0.00 ms.
Mono: successfully reloaded assembly
- Completed reload, in  8.015 seconds
Platform modules already initialized, skipping
========================================================================
Worker process is ready to serve import requests
Launched and connected shader compiler UnityShaderCompiler.exe after 0.06 seconds
Refreshing native plugins compatible for Editor in 0.44 ms, found 2 plugins.
Preloading 0 native plugins for Editor in 0.00 ms.
Unloading 2084 Unused Serialized files (Serialized files now loaded: 0)
System memory in use before: 168.8 MB.
System memory in use after: 168.8 MB.

Unloading 26 unused Assets to reduce memory usage. Loaded Objects now: 2528.
Total: 2.492200 ms (FindLiveObjects: 0.183500 ms CreateObjectMapping: 0.091100 ms MarkObjects: 2.069300 ms  DeleteObjects: 0.147000 ms)

========================================================================
Received Import Request.
  path: Assets/Script/CharacterMovement.cs
  artifactKey: Guid(237161df00baa15409e08ea9061ccf9c) Importer(815301076,1909f56bfc062723c751e8b465ee728b)
Start importing Assets/Script/CharacterMovement.cs using Guid(237161df00baa15409e08ea9061ccf9c) Importer(815301076,1909f56bfc062723c751e8b465ee728b)  -> (artifact id: 'ee476c8a7cb963147020ad09eed6a2b5') in 0.095976 seconds
  Import took 0.103292 seconds .

========================================================================
Received Import Request.
  Time since last request: 87.403439 seconds.
  path: Assets/Script/CharacterMovement.cs
  artifactKey: Guid(237161df00baa15409e08ea9061ccf9c) Importer(815301076,1909f56bfc062723c751e8b465ee728b)
Start importing Assets/Script/CharacterMovement.cs using Guid(237161df00baa15409e08ea9061ccf9c) Importer(815301076,1909f56bfc062723c751e8b465ee728b)  -> (artifact id: '335d0a7939da45120e06a10e4ca25516') in 0.014413 seconds
  Import took 0.020196 seconds .

========================================================================
Received Import Request.
  Time since last request: 0.110112 seconds.
  path: Assets/Script/CharacterMovement.cs
  artifactKey: Guid(237161df00baa15409e08ea9061ccf9c) Importer(815301076,1909f56bfc062723c751e8b465ee728b)
Start importing Assets/Script/CharacterMovement.cs using Guid(237161df00baa15409e08ea9061ccf9c) Importer(815301076,1909f56bfc062723c751e8b465ee728b)  -> (artifact id: '335d0a7939da45120e06a10e4ca25516') in 0.016117 seconds
  Import took 0.027948 seconds .

========================================================================
Received Prepare
Registering precompiled user dll's ...
Registered in 0.003718 seconds.
Begin MonoManager ReloadAssembly
Native extension for WindowsStandalone target not found
Refreshing native plugins compatible for Editor in 0.43 ms, found 2 plugins.
Preloading 0 native plugins for Editor in 0.00 ms.
Mono: successfully reloaded assembly
- Completed reload, in  1.215 seconds
Platform modules already initialized, skipping
Refreshing native plugins compatible for Editor in 0.41 ms, found 2 plugins.
Preloading 0 native plugins for Editor in 0.00 ms.
Unloading 2035 Unused Serialized files (Serialized files now loaded: 0)
System memory in use before: 164.7 MB.
System memory in use after: 164.8 MB.

Unloading 15 unused Assets to reduce memory usage. Loaded Objects now: 2531.
Total: 2.414200 ms (FindLiveObjects: 0.181100 ms CreateObjectMapping: 0.080500 ms MarkObjects: 2.088900 ms  DeleteObjects: 0.062600 ms)

========================================================================
Received Import Request.
  Time since last request: 972.483126 seconds.
  path: Assets/Script/CharacterMovement.cs
  artifactKey: Guid(237161df00baa15409e08ea9061ccf9c) Importer(815301076,1909f56bfc062723c751e8b465ee728b)
Start importing Assets/Script/CharacterMovement.cs using Guid(237161df00baa15409e08ea9061ccf9c) Importer(815301076,1909f56bfc062723c751e8b465ee728b)  -> (artifact id: 'a5a12374243e6c46d0b26312a90b16a3') in 0.011892 seconds
  Import took 0.015873 seconds .

========================================================================
Received Prepare
Registering precompiled user dll's ...
Registered in 0.003865 seconds.
Begin MonoManager ReloadAssembly
Native extension for WindowsStandalone target not found
Refreshing native plugins compatible for Editor in 0.40 ms, found 2 plugins.
Preloading 0 native plugins for Editor in 0.00 ms.
Mono: successfully reloaded assembly
- Completed reload, in  0.998 seconds
Platform modules already initialized, skipping
Refreshing native plugins compatible for Editor in 0.50 ms, found 2 plugins.
Preloading 0 native plugins for Editor in 0.00 ms.
Unloading 2035 Unused Serialized files (Serialized files now loaded: 0)
System memory in use before: 164.7 MB.
System memory in use after: 164.8 MB.

Unloading 15 unused Assets to reduce memory usage. Loaded Objects now: 2534.
Total: 2.025400 ms (FindLiveObjects: 0.177100 ms CreateObjectMapping: 0.072300 ms MarkObjects: 1.659400 ms  DeleteObjects: 0.115600 ms)

========================================================================
Received Prepare
Registering precompiled user dll's ...
Registered in 0.003782 seconds.
Begin MonoManager ReloadAssembly
Native extension for WindowsStandalone target not found
Refreshing native plugins compatible for Editor in 0.50 ms, found 2 plugins.
Preloading 0 native plugins for Editor in 0.00 ms.
Mono: successfully reloaded assembly
- Completed reload, in  1.009 seconds
Platform modules already initialized, skipping
Refreshing native plugins compatible for Editor in 0.42 ms, found 2 plugins.
Preloading 0 native plugins for Editor in 0.00 ms.
Unloading 2035 Unused Serialized files (Serialized files now loaded: 0)
System memory in use before: 164.8 MB.
System memory in use after: 164.9 MB.

Unloading 15 unused Assets to reduce memory usage. Loaded Objects now: 2537.
Total: 2.100400 ms (FindLiveObjects: 0.169300 ms CreateObjectMapping: 0.067400 ms MarkObjects: 1.785300 ms  DeleteObjects: 0.077400 ms)

========================================================================
Received Prepare
Registering precompiled user dll's ...
Registered in 0.007376 seconds.
Begin MonoManager ReloadAssembly
Native extension for WindowsStandalone target not found
Refreshing native plugins compatible for Editor in 0.43 ms, found 2 plugins.
Preloading 0 native plugins for Editor in 0.00 ms.
Mono: successfully reloaded assembly
- Completed reload, in  1.052 seconds
Platform modules already initialized, skipping
Refreshing native plugins compatible for Editor in 0.40 ms, found 2 plugins.
Preloading 0 native plugins for Editor in 0.00 ms.
Unloading 2035 Unused Serialized files (Serialized files now loaded: 0)
System memory in use before: 164.8 MB.
System memory in use after: 164.9 MB.

Unloading 15 unused Assets to reduce memory usage. Loaded Objects now: 2540.
Total: 1.939600 ms (FindLiveObjects: 0.177400 ms CreateObjectMapping: 0.077800 ms MarkObjects: 1.596500 ms  DeleteObjects: 0.087100 ms)

========================================================================
Received Prepare
Registering precompiled user dll's ...
Registered in 0.004051 seconds.
Begin MonoManager ReloadAssembly
Native extension for WindowsStandalone target not found
Refreshing native plugins compatible for Editor in 0.49 ms, found 2 plugins.
Preloading 0 native plugins for Editor in 0.00 ms.
Mono: successfully reloaded assembly
- Completed reload, in  0.993 seconds
Platform modules already initialized, skipping
Refreshing native plugins compatible for Editor in 0.41 ms, found 2 plugins.
Preloading 0 native plugins for Editor in 0.00 ms.
Unloading 2035 Unused Serialized files (Serialized files now loaded: 0)
System memory in use before: 164.7 MB.
System memory in use after: 164.8 MB.

Unloading 15 unused Assets to reduce memory usage. Loaded Objects now: 2543.
Total: 2.436100 ms (FindLiveObjects: 0.189100 ms CreateObjectMapping: 0.076100 ms MarkObjects: 2.092500 ms  DeleteObjects: 0.077200 ms)

========================================================================
Received Prepare
Registering precompiled user dll's ...
Registered in 0.004706 seconds.
Begin MonoManager ReloadAssembly
Native extension for WindowsStandalone target not found
Refreshing native plugins compatible for Editor in 0.60 ms, found 2 plugins.
Preloading 0 native plugins for Editor in 0.00 ms.
Mono: successfully reloaded assembly
- Completed reload, in  1.103 seconds
Platform modules already initialized, skipping
Refreshing native plugins compatible for Editor in 0.41 ms, found 2 plugins.
Preloading 0 native plugins for Editor in 0.00 ms.
Unloading 2035 Unused Serialized files (Serialized files now loaded: 0)
System memory in use before: 164.8 MB.
System memory in use after: 164.9 MB.

Unloading 15 unused Assets to reduce memory usage. Loaded Objects now: 2546.
Total: 2.114300 ms (FindLiveObjects: 0.221900 ms CreateObjectMapping: 0.074700 ms MarkObjects: 1.756800 ms  DeleteObjects: 0.059900 ms)

========================================================================
Received Prepare
Registering precompiled user dll's ...
Registered in 0.004121 seconds.
Begin MonoManager ReloadAssembly
Native extension for WindowsStandalone target not found
Refreshing native plugins compatible for Editor in 0.41 ms, found 2 plugins.
Preloading 0 native plugins for Editor in 0.00 ms.
Mono: successfully reloaded assembly
- Completed reload, in  0.984 seconds
Platform modules already initialized, skipping
Refreshing native plugins compatible for Editor in 0.41 ms, found 2 plugins.
Preloading 0 native plugins for Editor in 0.00 ms.
Unloading 2035 Unused Serialized files (Serialized files now loaded: 0)
System memory in use before: 164.8 MB.
System memory in use after: 164.9 MB.

Unloading 15 unused Assets to reduce memory usage. Loaded Objects now: 2549.
Total: 2.213300 ms (FindLiveObjects: 0.157300 ms CreateObjectMapping: 0.061500 ms MarkObjects: 1.895100 ms  DeleteObjects: 0.098700 ms)

========================================================================
Received Prepare
Registering precompiled user dll's ...
Registered in 0.004019 seconds.
Begin MonoManager ReloadAssembly
Native extension for WindowsStandalone target not found
Refreshing native plugins compatible for Editor in 0.41 ms, found 2 plugins.
Preloading 0 native plugins for Editor in 0.00 ms.
Mono: successfully reloaded assembly
- Completed reload, in  1.024 seconds
Platform modules already initialized, skipping
Refreshing native plugins compatible for Editor in 0.41 ms, found 2 plugins.
Preloading 0 native plugins for Editor in 0.00 ms.
Unloading 2035 Unused Serialized files (Serialized files now loaded: 0)
System memory in use before: 164.8 MB.
System memory in use after: 164.9 MB.

Unloading 15 unused Assets to reduce memory usage. Loaded Objects now: 2552.
Total: 2.191500 ms (FindLiveObjects: 0.177100 ms CreateObjectMapping: 0.065100 ms MarkObjects: 1.884300 ms  DeleteObjects: 0.064100 ms)

========================================================================
Received Prepare
Registering precompiled user dll's ...
Registered in 0.003789 seconds.
Begin MonoManager ReloadAssembly
Native extension for WindowsStandalone target not found
Refreshing native plugins compatible for Editor in 0.53 ms, found 2 plugins.
Preloading 0 native plugins for Editor in 0.00 ms.
Mono: successfully reloaded assembly
- Completed reload, in  1.001 seconds
Platform modules already initialized, skipping
Refreshing native plugins compatible for Editor in 0.47 ms, found 2 plugins.
Preloading 0 native plugins for Editor in 0.00 ms.
Unloading 2035 Unused Serialized files (Serialized files now loaded: 0)
System memory in use before: 164.8 MB.
System memory in use after: 164.9 MB.

Unloading 15 unused Assets to reduce memory usage. Loaded Objects now: 2555.
Total: 2.284100 ms (FindLiveObjects: 0.185800 ms CreateObjectMapping: 0.077300 ms MarkObjects: 1.957000 ms  DeleteObjects: 0.062900 ms)

========================================================================
Received Prepare
Registering precompiled user dll's ...
Registered in 0.004172 seconds.
Begin MonoManager ReloadAssembly
Native extension for WindowsStandalone target not found
Refreshing native plugins compatible for Editor in 0.41 ms, found 2 plugins.
Preloading 0 native plugins for Editor in 0.00 ms.
Mono: successfully reloaded assembly
- Completed reload, in  1.287 seconds
Platform modules already initialized, skipping
Refreshing native plugins compatible for Editor in 0.90 ms, found 2 plugins.
Preloading 0 native plugins for Editor in 0.00 ms.
Unloading 2035 Unused Serialized files (Serialized files now loaded: 0)
System memory in use before: 164.8 MB.
System memory in use after: 164.8 MB.

Unloading 15 unused Assets to reduce memory usage. Loaded Objects now: 2558.
Total: 3.164500 ms (FindLiveObjects: 0.521000 ms CreateObjectMapping: 0.094000 ms MarkObjects: 2.298500 ms  DeleteObjects: 0.249400 ms)

========================================================================
Received Prepare
Registering precompiled user dll's ...
Registered in 0.003684 seconds.
Begin MonoManager ReloadAssembly
Native extension for WindowsStandalone target not found
Refreshing native plugins compatible for Editor in 0.55 ms, found 2 plugins.
Preloading 0 native plugins for Editor in 0.00 ms.
Mono: successfully reloaded assembly
- Completed reload, in  1.010 seconds
Platform modules already initialized, skipping
Refreshing native plugins compatible for Editor in 0.40 ms, found 2 plugins.
Preloading 0 native plugins for Editor in 0.00 ms.
Unloading 2035 Unused Serialized files (Serialized files now loaded: 0)
System memory in use before: 164.9 MB.
System memory in use after: 164.9 MB.

Unloading 15 unused Assets to reduce memory usage. Loaded Objects now: 2561.
Total: 2.422200 ms (FindLiveObjects: 0.176300 ms CreateObjectMapping: 0.068500 ms MarkObjects: 2.101100 ms  DeleteObjects: 0.075200 ms)

========================================================================
Received Prepare
Registering precompiled user dll's ...
Registered in 0.004069 seconds.
Begin MonoManager ReloadAssembly
Native extension for WindowsStandalone target not found
Refreshing native plugins compatible for Editor in 0.50 ms, found 2 plugins.
Preloading 0 native plugins for Editor in 0.00 ms.
Mono: successfully reloaded assembly
- Completed reload, in  1.271 seconds
Platform modules already initialized, skipping
Refreshing native plugins compatible for Editor in 0.43 ms, found 2 plugins.
Preloading 0 native plugins for Editor in 0.00 ms.
Unloading 2035 Unused Serialized files (Serialized files now loaded: 0)
System memory in use before: 164.9 MB.
System memory in use after: 165.0 MB.

Unloading 15 unused Assets to reduce memory usage. Loaded Objects now: 2564.
Total: 3.220900 ms (FindLiveObjects: 0.343700 ms CreateObjectMapping: 0.134600 ms MarkObjects: 2.674000 ms  DeleteObjects: 0.067400 ms)

========================================================================
Received Prepare
Registering precompiled user dll's ...
Registered in 0.003871 seconds.
Begin MonoManager ReloadAssembly
Native extension for WindowsStandalone target not found
Refreshing native plugins compatible for Editor in 0.44 ms, found 2 plugins.
Preloading 0 native plugins for Editor in 0.00 ms.
Mono: successfully reloaded assembly
- Completed reload, in  0.992 seconds
Platform modules already initialized, skipping
Refreshing native plugins compatible for Editor in 0.44 ms, found 2 plugins.
Preloading 0 native plugins for Editor in 0.00 ms.
Unloading 2035 Unused Serialized files (Serialized files now loaded: 0)
System memory in use before: 164.9 MB.
System memory in use after: 165.0 MB.

Unloading 15 unused Assets to reduce memory usage. Loaded Objects now: 2567.
Total: 2.137200 ms (FindLiveObjects: 0.173800 ms CreateObjectMapping: 0.067700 ms MarkObjects: 1.822300 ms  DeleteObjects: 0.072100 ms)

========================================================================
Received Prepare
Registering precompiled user dll's ...
Registered in 0.004253 seconds.
Begin MonoManager ReloadAssembly
Native extension for WindowsStandalone target not found
Refreshing native plugins compatible for Editor in 0.43 ms, found 2 plugins.
Preloading 0 native plugins for Editor in 0.00 ms.
Mono: successfully reloaded assembly
- Completed reload, in  1.019 seconds
Platform modules already initialized, skipping
Refreshing native plugins compatible for Editor in 0.41 ms, found 2 plugins.
Preloading 0 native plugins for Editor in 0.00 ms.
Unloading 2035 Unused Serialized files (Serialized files now loaded: 0)
System memory in use before: 164.9 MB.
System memory in use after: 165.0 MB.

Unloading 15 unused Assets to reduce memory usage. Loaded Objects now: 2570.
Total: 2.193600 ms (FindLiveObjects: 0.186400 ms CreateObjectMapping: 0.070700 ms MarkObjects: 1.871900 ms  DeleteObjects: 0.063700 ms)

========================================================================
Received Prepare
Registering precompiled user dll's ...
Registered in 0.004179 seconds.
Begin MonoManager ReloadAssembly
Native extension for WindowsStandalone target not found
Refreshing native plugins compatible for Editor in 0.45 ms, found 2 plugins.
Preloading 0 native plugins for Editor in 0.00 ms.
Mono: successfully reloaded assembly
- Completed reload, in  0.993 seconds
Platform modules already initialized, skipping
Refreshing native plugins compatible for Editor in 0.48 ms, found 2 plugins.
Preloading 0 native plugins for Editor in 0.00 ms.
Unloading 2035 Unused Serialized files (Serialized files now loaded: 0)
System memory in use before: 164.8 MB.
System memory in use after: 164.9 MB.

Unloading 15 unused Assets to reduce memory usage. Loaded Objects now: 2573.
Total: 2.219600 ms (FindLiveObjects: 0.180100 ms CreateObjectMapping: 0.072000 ms MarkObjects: 1.870300 ms  DeleteObjects: 0.096300 ms)

========================================================================
Received Prepare
Registering precompiled user dll's ...
Registered in 0.005780 seconds.
Begin MonoManager ReloadAssembly
Native extension for WindowsStandalone target not found
Refreshing native plugins compatible for Editor in 0.49 ms, found 2 plugins.
Preloading 0 native plugins for Editor in 0.00 ms.
Mono: successfully reloaded assembly
- Completed reload, in  1.182 seconds
Platform modules already initialized, skipping
Refreshing native plugins compatible for Editor in 0.73 ms, found 2 plugins.
Preloading 0 native plugins for Editor in 0.00 ms.
Unloading 2035 Unused Serialized files (Serialized files now loaded: 0)
System memory in use before: 164.9 MB.
System memory in use after: 165.0 MB.

Unloading 15 unused Assets to reduce memory usage. Loaded Objects now: 2576.
Total: 2.067700 ms (FindLiveObjects: 0.185300 ms CreateObjectMapping: 0.074000 ms MarkObjects: 1.741600 ms  DeleteObjects: 0.065900 ms)

========================================================================
Received Prepare
Registering precompiled user dll's ...
Registered in 0.004097 seconds.
Begin MonoManager ReloadAssembly
Native extension for WindowsStandalone target not found
Refreshing native plugins compatible for Editor in 0.40 ms, found 2 plugins.
Preloading 0 native plugins for Editor in 0.00 ms.
Mono: successfully reloaded assembly
- Completed reload, in  1.000 seconds
Platform modules already initialized, skipping
Refreshing native plugins compatible for Editor in 0.44 ms, found 2 plugins.
Preloading 0 native plugins for Editor in 0.00 ms.
Unloading 2035 Unused Serialized files (Serialized files now loaded: 0)
System memory in use before: 164.9 MB.
System memory in use after: 165.0 MB.

Unloading 15 unused Assets to reduce memory usage. Loaded Objects now: 2579.
Total: 2.425400 ms (FindLiveObjects: 0.247000 ms CreateObjectMapping: 0.072800 ms MarkObjects: 2.007400 ms  DeleteObjects: 0.097200 ms)

========================================================================
Received Import Request.
  Time since last request: 1281.187762 seconds.
  path: Assets/Script/CMFreelookOnlyWhenRightMouseDown.cs
  artifactKey: Guid(60f05f0e073ade44b90bd5c17fc1e5a8) Importer(815301076,1909f56bfc062723c751e8b465ee728b)
Start importing Assets/Script/CMFreelookOnlyWhenRightMouseDown.cs using Guid(60f05f0e073ade44b90bd5c17fc1e5a8) Importer(815301076,1909f56bfc062723c751e8b465ee728b)  -> (artifact id: 'aded1540a3fc19e792562df96f25a80e') in 0.050047 seconds
  Import took 0.084914 seconds .

========================================================================
Received Prepare
Registering precompiled user dll's ...
Registered in 0.005388 seconds.
Begin MonoManager ReloadAssembly
Native extension for WindowsStandalone target not found
Refreshing native plugins compatible for Editor in 0.50 ms, found 2 plugins.
Preloading 0 native plugins for Editor in 0.00 ms.
Mono: successfully reloaded assembly
- Completed reload, in  0.992 seconds
Platform modules already initialized, skipping
Refreshing native plugins compatible for Editor in 0.41 ms, found 2 plugins.
Preloading 0 native plugins for Editor in 0.00 ms.
Unloading 2036 Unused Serialized files (Serialized files now loaded: 0)
System memory in use before: 164.9 MB.
System memory in use after: 165.0 MB.

Unloading 15 unused Assets to reduce memory usage. Loaded Objects now: 2583.
Total: 2.131300 ms (FindLiveObjects: 0.174100 ms CreateObjectMapping: 0.067400 ms MarkObjects: 1.815800 ms  DeleteObjects: 0.073100 ms)

========================================================================
Received Prepare
Registering precompiled user dll's ...
Registered in 0.003894 seconds.
Begin MonoManager ReloadAssembly
Native extension for WindowsStandalone target not found
Refreshing native plugins compatible for Editor in 0.45 ms, found 2 plugins.
Preloading 0 native plugins for Editor in 0.00 ms.
Mono: successfully reloaded assembly
- Completed reload, in  0.970 seconds
Platform modules already initialized, skipping
Refreshing native plugins compatible for Editor in 0.44 ms, found 2 plugins.
Preloading 0 native plugins for Editor in 0.00 ms.
Unloading 2036 Unused Serialized files (Serialized files now loaded: 0)
System memory in use before: 164.9 MB.
System memory in use after: 165.0 MB.

Unloading 15 unused Assets to reduce memory usage. Loaded Objects now: 2586.
Total: 2.578700 ms (FindLiveObjects: 0.320900 ms CreateObjectMapping: 0.142500 ms MarkObjects: 2.038500 ms  DeleteObjects: 0.075700 ms)

========================================================================
Received Prepare
Registering precompiled user dll's ...
Registered in 0.003877 seconds.
Begin MonoManager ReloadAssembly
Native extension for WindowsStandalone target not found
Refreshing native plugins compatible for Editor in 0.40 ms, found 2 plugins.
Preloading 0 native plugins for Editor in 0.00 ms.
Mono: successfully reloaded assembly
- Completed reload, in  0.953 seconds
Platform modules already initialized, skipping
Refreshing native plugins compatible for Editor in 0.43 ms, found 2 plugins.
Preloading 0 native plugins for Editor in 0.00 ms.
Unloading 2036 Unused Serialized files (Serialized files now loaded: 0)
System memory in use before: 164.8 MB.
System memory in use after: 164.9 MB.

Unloading 15 unused Assets to reduce memory usage. Loaded Objects now: 2589.
Total: 2.292200 ms (FindLiveObjects: 0.175700 ms CreateObjectMapping: 0.131800 ms MarkObjects: 1.888900 ms  DeleteObjects: 0.095000 ms)

========================================================================
Received Import Request.
  Time since last request: 244.857130 seconds.
  path: Assets/Prefabs/Cube.prefab
  artifactKey: Guid(01b6ae636ca492f43a90a1ad420eb50e) Importer(815301076,1909f56bfc062723c751e8b465ee728b)
Start importing Assets/Prefabs/Cube.prefab using Guid(01b6ae636ca492f43a90a1ad420eb50e) Importer(815301076,1909f56bfc062723c751e8b465ee728b)  -> (artifact id: 'ad09d058259b19fc3784d68aad105741') in 0.143546 seconds
  Import took 0.146719 seconds .

========================================================================
Received Import Request.
  Time since last request: 0.235026 seconds.
  path: Assets/Prefabs/Cube.prefab
  artifactKey: Guid(01b6ae636ca492f43a90a1ad420eb50e) Importer(815301076,1909f56bfc062723c751e8b465ee728b)
Start importing Assets/Prefabs/Cube.prefab using Guid(01b6ae636ca492f43a90a1ad420eb50e) Importer(815301076,1909f56bfc062723c751e8b465ee728b)  -> (artifact id: '826020b94f58c808d1205d224b15a193') in 0.011614 seconds
  Import took 0.016477 seconds .

========================================================================
Received Prepare
Registering precompiled user dll's ...
Registered in 0.003834 seconds.
Begin MonoManager ReloadAssembly
Native extension for WindowsStandalone target not found
Refreshing native plugins compatible for Editor in 0.41 ms, found 2 plugins.
Preloading 0 native plugins for Editor in 0.00 ms.
Mono: successfully reloaded assembly
- Completed reload, in  1.008 seconds
Platform modules already initialized, skipping
Refreshing native plugins compatible for Editor in 0.43 ms, found 2 plugins.
Preloading 0 native plugins for Editor in 0.00 ms.
Unloading 2036 Unused Serialized files (Serialized files now loaded: 0)
System memory in use before: 167.9 MB.
System memory in use after: 168.0 MB.

Unloading 15 unused Assets to reduce memory usage. Loaded Objects now: 2600.
Total: 2.201500 ms (FindLiveObjects: 0.184500 ms CreateObjectMapping: 0.075400 ms MarkObjects: 1.883800 ms  DeleteObjects: 0.056800 ms)

========================================================================
Received Prepare
Registering precompiled user dll's ...
Registered in 0.004594 seconds.
Begin MonoManager ReloadAssembly
Native extension for WindowsStandalone target not found
Refreshing native plugins compatible for Editor in 0.44 ms, found 2 plugins.
Preloading 0 native plugins for Editor in 0.00 ms.
Mono: successfully reloaded assembly
- Completed reload, in  1.038 seconds
Platform modules already initialized, skipping
Refreshing native plugins compatible for Editor in 0.58 ms, found 2 plugins.
Preloading 0 native plugins for Editor in 0.00 ms.
Unloading 2036 Unused Serialized files (Serialized files now loaded: 0)
System memory in use before: 167.9 MB.
System memory in use after: 168.0 MB.

Unloading 15 unused Assets to reduce memory usage. Loaded Objects now: 2603.
Total: 2.780700 ms (FindLiveObjects: 0.208700 ms CreateObjectMapping: 0.092200 ms MarkObjects: 2.411800 ms  DeleteObjects: 0.066800 ms)

========================================================================
Received Prepare
Registering precompiled user dll's ...
Registered in 0.003822 seconds.
Begin MonoManager ReloadAssembly
Native extension for WindowsStandalone target not found
Refreshing native plugins compatible for Editor in 0.45 ms, found 2 plugins.
Preloading 0 native plugins for Editor in 0.00 ms.
Mono: successfully reloaded assembly
- Completed reload, in  1.014 seconds
Platform modules already initialized, skipping
Refreshing native plugins compatible for Editor in 0.42 ms, found 2 plugins.
Preloading 0 native plugins for Editor in 0.00 ms.
Unloading 2036 Unused Serialized files (Serialized files now loaded: 0)
System memory in use before: 167.9 MB.
System memory in use after: 168.0 MB.

Unloading 15 unused Assets to reduce memory usage. Loaded Objects now: 2606.
Total: 2.333900 ms (FindLiveObjects: 0.209900 ms CreateObjectMapping: 0.080500 ms MarkObjects: 1.977600 ms  DeleteObjects: 0.064900 ms)

========================================================================
Received Prepare
Registering precompiled user dll's ...
Registered in 0.003926 seconds.
Begin MonoManager ReloadAssembly
Native extension for WindowsStandalone target not found
Refreshing native plugins compatible for Editor in 0.45 ms, found 2 plugins.
Preloading 0 native plugins for Editor in 0.00 ms.
Mono: successfully reloaded assembly
- Completed reload, in  0.994 seconds
Platform modules already initialized, skipping
Refreshing native plugins compatible for Editor in 0.42 ms, found 2 plugins.
Preloading 0 native plugins for Editor in 0.00 ms.
Unloading 2036 Unused Serialized files (Serialized files now loaded: 0)
System memory in use before: 167.9 MB.
System memory in use after: 168.0 MB.

Unloading 15 unused Assets to reduce memory usage. Loaded Objects now: 2609.
Total: 2.458400 ms (FindLiveObjects: 0.227400 ms CreateObjectMapping: 0.088600 ms MarkObjects: 2.077200 ms  DeleteObjects: 0.064100 ms)

========================================================================
Received Prepare
Registering precompiled user dll's ...
Registered in 0.003919 seconds.
Begin MonoManager ReloadAssembly
Native extension for WindowsStandalone target not found
Refreshing native plugins compatible for Editor in 0.41 ms, found 2 plugins.
Preloading 0 native plugins for Editor in 0.00 ms.
Mono: successfully reloaded assembly
- Completed reload, in  0.981 seconds
Platform modules already initialized, skipping
Refreshing native plugins compatible for Editor in 0.41 ms, found 2 plugins.
Preloading 0 native plugins for Editor in 0.00 ms.
Unloading 2036 Unused Serialized files (Serialized files now loaded: 0)
System memory in use before: 167.8 MB.
System memory in use after: 167.9 MB.

Unloading 15 unused Assets to reduce memory usage. Loaded Objects now: 2612.
Total: 2.222900 ms (FindLiveObjects: 0.181900 ms CreateObjectMapping: 0.091500 ms MarkObjects: 1.847500 ms  DeleteObjects: 0.101300 ms)

========================================================================
Received Prepare
Registering precompiled user dll's ...
Registered in 0.003736 seconds.
Begin MonoManager ReloadAssembly
Native extension for WindowsStandalone target not found
Refreshing native plugins compatible for Editor in 0.41 ms, found 2 plugins.
Preloading 0 native plugins for Editor in 0.00 ms.
Mono: successfully reloaded assembly
- Completed reload, in  0.993 seconds
Platform modules already initialized, skipping
Refreshing native plugins compatible for Editor in 0.42 ms, found 2 plugins.
Preloading 0 native plugins for Editor in 0.00 ms.
Unloading 2036 Unused Serialized files (Serialized files now loaded: 0)
System memory in use before: 167.9 MB.
System memory in use after: 168.0 MB.

Unloading 15 unused Assets to reduce memory usage. Loaded Objects now: 2615.
Total: 2.295300 ms (FindLiveObjects: 0.194500 ms CreateObjectMapping: 0.077000 ms MarkObjects: 1.947300 ms  DeleteObjects: 0.075700 ms)

========================================================================
Received Prepare
Registering precompiled user dll's ...
Registered in 0.003740 seconds.
Begin MonoManager ReloadAssembly
Native extension for WindowsStandalone target not found
Refreshing native plugins compatible for Editor in 0.41 ms, found 2 plugins.
Preloading 0 native plugins for Editor in 0.00 ms.
Mono: successfully reloaded assembly
- Completed reload, in  0.981 seconds
Platform modules already initialized, skipping
Refreshing native plugins compatible for Editor in 0.42 ms, found 2 plugins.
Preloading 0 native plugins for Editor in 0.00 ms.
Unloading 2036 Unused Serialized files (Serialized files now loaded: 0)
System memory in use before: 167.9 MB.
System memory in use after: 168.0 MB.

Unloading 15 unused Assets to reduce memory usage. Loaded Objects now: 2618.
Total: 2.406100 ms (FindLiveObjects: 0.210100 ms CreateObjectMapping: 0.069900 ms MarkObjects: 2.047500 ms  DeleteObjects: 0.074000 ms)

========================================================================
Received Prepare
Registering precompiled user dll's ...
Registered in 0.004220 seconds.
Begin MonoManager ReloadAssembly
Native extension for WindowsStandalone target not found
Refreshing native plugins compatible for Editor in 0.44 ms, found 2 plugins.
Preloading 0 native plugins for Editor in 0.00 ms.
Mono: successfully reloaded assembly
- Completed reload, in  0.989 seconds
Platform modules already initialized, skipping
Refreshing native plugins compatible for Editor in 0.42 ms, found 2 plugins.
Preloading 0 native plugins for Editor in 0.00 ms.
Unloading 2036 Unused Serialized files (Serialized files now loaded: 0)
System memory in use before: 167.9 MB.
System memory in use after: 168.0 MB.

Unloading 15 unused Assets to reduce memory usage. Loaded Objects now: 2621.
Total: 2.343100 ms (FindLiveObjects: 0.192500 ms CreateObjectMapping: 0.075200 ms MarkObjects: 2.010500 ms  DeleteObjects: 0.063800 ms)

========================================================================
Received Prepare
Registering precompiled user dll's ...
Registered in 0.003758 seconds.
Begin MonoManager ReloadAssembly
Native extension for WindowsStandalone target not found
Refreshing native plugins compatible for Editor in 0.43 ms, found 2 plugins.
Preloading 0 native plugins for Editor in 0.00 ms.
Mono: successfully reloaded assembly
- Completed reload, in  1.098 seconds
Platform modules already initialized, skipping
Refreshing native plugins compatible for Editor in 0.43 ms, found 2 plugins.
Preloading 0 native plugins for Editor in 0.00 ms.
Unloading 2036 Unused Serialized files (Serialized files now loaded: 0)
System memory in use before: 167.9 MB.
System memory in use after: 168.0 MB.

Unloading 15 unused Assets to reduce memory usage. Loaded Objects now: 2624.
Total: 2.530200 ms (FindLiveObjects: 0.185000 ms CreateObjectMapping: 0.140400 ms MarkObjects: 2.138400 ms  DeleteObjects: 0.065100 ms)

========================================================================
Received Prepare
Registering precompiled user dll's ...
Registered in 0.003701 seconds.
Begin MonoManager ReloadAssembly
Native extension for WindowsStandalone target not found
Refreshing native plugins compatible for Editor in 0.42 ms, found 2 plugins.
Preloading 0 native plugins for Editor in 0.00 ms.
Mono: successfully reloaded assembly
- Completed reload, in  0.998 seconds
Platform modules already initialized, skipping
Refreshing native plugins compatible for Editor in 0.42 ms, found 2 plugins.
Preloading 0 native plugins for Editor in 0.00 ms.
Unloading 2036 Unused Serialized files (Serialized files now loaded: 0)
System memory in use before: 167.9 MB.
System memory in use after: 167.9 MB.

Unloading 15 unused Assets to reduce memory usage. Loaded Objects now: 2627.
Total: 2.349300 ms (FindLiveObjects: 0.194600 ms CreateObjectMapping: 0.077700 ms MarkObjects: 2.004000 ms  DeleteObjects: 0.059700 ms)

========================================================================
Received Prepare
Registering precompiled user dll's ...
Registered in 0.004703 seconds.
Begin MonoManager ReloadAssembly
Native extension for WindowsStandalone target not found
Refreshing native plugins compatible for Editor in 0.54 ms, found 2 plugins.
Preloading 0 native plugins for Editor in 0.00 ms.
Mono: successfully reloaded assembly
- Completed reload, in  1.115 seconds
Platform modules already initialized, skipping
Refreshing native plugins compatible for Editor in 0.48 ms, found 2 plugins.
Preloading 0 native plugins for Editor in 0.00 ms.
Unloading 2036 Unused Serialized files (Serialized files now loaded: 0)
System memory in use before: 168.0 MB.
System memory in use after: 168.0 MB.

Unloading 15 unused Assets to reduce memory usage. Loaded Objects now: 2630.
Total: 2.485600 ms (FindLiveObjects: 0.182300 ms CreateObjectMapping: 0.069900 ms MarkObjects: 2.045100 ms  DeleteObjects: 0.187200 ms)

========================================================================
Received Prepare
Registering precompiled user dll's ...
Registered in 0.003569 seconds.
Begin MonoManager ReloadAssembly
Native extension for WindowsStandalone target not found
Refreshing native plugins compatible for Editor in 0.40 ms, found 2 plugins.
Preloading 0 native plugins for Editor in 0.00 ms.
Mono: successfully reloaded assembly
- Completed reload, in  0.982 seconds
Platform modules already initialized, skipping
Refreshing native plugins compatible for Editor in 0.56 ms, found 2 plugins.
Preloading 0 native plugins for Editor in 0.00 ms.
Unloading 2036 Unused Serialized files (Serialized files now loaded: 0)
System memory in use before: 168.0 MB.
System memory in use after: 168.1 MB.

Unloading 15 unused Assets to reduce memory usage. Loaded Objects now: 2633.
Total: 2.165300 ms (FindLiveObjects: 0.178500 ms CreateObjectMapping: 0.069800 ms MarkObjects: 1.818200 ms  DeleteObjects: 0.097900 ms)

========================================================================
Received Prepare
Registering precompiled user dll's ...
Registered in 0.006051 seconds.
Begin MonoManager ReloadAssembly
Native extension for WindowsStandalone target not found
Refreshing native plugins compatible for Editor in 0.41 ms, found 2 plugins.
Preloading 0 native plugins for Editor in 0.00 ms.
Mono: successfully reloaded assembly
- Completed reload, in  1.031 seconds
Platform modules already initialized, skipping
Refreshing native plugins compatible for Editor in 0.44 ms, found 2 plugins.
Preloading 0 native plugins for Editor in 0.00 ms.
Unloading 2036 Unused Serialized files (Serialized files now loaded: 0)
System memory in use before: 168.0 MB.
System memory in use after: 168.1 MB.

Unloading 15 unused Assets to reduce memory usage. Loaded Objects now: 2636.
Total: 2.368400 ms (FindLiveObjects: 0.185700 ms CreateObjectMapping: 0.074500 ms MarkObjects: 2.044000 ms  DeleteObjects: 0.063300 ms)

========================================================================
Received Prepare
Registering precompiled user dll's ...
Registered in 0.004122 seconds.
Begin MonoManager ReloadAssembly
Native extension for WindowsStandalone target not found
Refreshing native plugins compatible for Editor in 0.40 ms, found 2 plugins.
Preloading 0 native plugins for Editor in 0.00 ms.
Mono: successfully reloaded assembly
- Completed reload, in  1.020 seconds
Platform modules already initialized, skipping
Refreshing native plugins compatible for Editor in 0.55 ms, found 2 plugins.
Preloading 0 native plugins for Editor in 0.00 ms.
Unloading 2036 Unused Serialized files (Serialized files now loaded: 0)
System memory in use before: 168.0 MB.
System memory in use after: 168.1 MB.

Unloading 15 unused Assets to reduce memory usage. Loaded Objects now: 2639.
Total: 2.288100 ms (FindLiveObjects: 0.173500 ms CreateObjectMapping: 0.096600 ms MarkObjects: 1.914200 ms  DeleteObjects: 0.102900 ms)

========================================================================
Received Prepare
Registering precompiled user dll's ...
Registered in 0.004089 seconds.
Begin MonoManager ReloadAssembly
Native extension for WindowsStandalone target not found
Refreshing native plugins compatible for Editor in 0.42 ms, found 2 plugins.
Preloading 0 native plugins for Editor in 0.00 ms.
Mono: successfully reloaded assembly
- Completed reload, in  1.044 seconds
Platform modules already initialized, skipping
Refreshing native plugins compatible for Editor in 0.42 ms, found 2 plugins.
Preloading 0 native plugins for Editor in 0.00 ms.
Unloading 2036 Unused Serialized files (Serialized files now loaded: 0)
System memory in use before: 167.9 MB.
System memory in use after: 168.0 MB.

Unloading 15 unused Assets to reduce memory usage. Loaded Objects now: 2642.
Total: 2.522700 ms (FindLiveObjects: 0.392300 ms CreateObjectMapping: 0.121500 ms MarkObjects: 1.940900 ms  DeleteObjects: 0.067100 ms)

========================================================================
Received Prepare
Registering precompiled user dll's ...
Registered in 0.004281 seconds.
Begin MonoManager ReloadAssembly
Native extension for WindowsStandalone target not found
Refreshing native plugins compatible for Editor in 0.44 ms, found 2 plugins.
Preloading 0 native plugins for Editor in 0.00 ms.
Mono: successfully reloaded assembly
- Completed reload, in  1.021 seconds
Platform modules already initialized, skipping
Refreshing native plugins compatible for Editor in 0.41 ms, found 2 plugins.
Preloading 0 native plugins for Editor in 0.00 ms.
Unloading 2036 Unused Serialized files (Serialized files now loaded: 0)
System memory in use before: 168.0 MB.
System memory in use after: 168.1 MB.

Unloading 15 unused Assets to reduce memory usage. Loaded Objects now: 2645.
Total: 2.808900 ms (FindLiveObjects: 0.178600 ms CreateObjectMapping: 0.111800 ms MarkObjects: 2.381000 ms  DeleteObjects: 0.136200 ms)

========================================================================
Received Prepare
Registering precompiled user dll's ...
Registered in 0.003715 seconds.
Begin MonoManager ReloadAssembly
Native extension for WindowsStandalone target not found
Refreshing native plugins compatible for Editor in 0.49 ms, found 2 plugins.
Preloading 0 native plugins for Editor in 0.00 ms.
Mono: successfully reloaded assembly
- Completed reload, in  1.004 seconds
Platform modules already initialized, skipping
Refreshing native plugins compatible for Editor in 0.41 ms, found 2 plugins.
Preloading 0 native plugins for Editor in 0.00 ms.
Unloading 2036 Unused Serialized files (Serialized files now loaded: 0)
System memory in use before: 168.0 MB.
System memory in use after: 168.1 MB.

Unloading 15 unused Assets to reduce memory usage. Loaded Objects now: 2648.
Total: 2.159500 ms (FindLiveObjects: 0.197900 ms CreateObjectMapping: 0.088900 ms MarkObjects: 1.811700 ms  DeleteObjects: 0.060200 ms)

========================================================================
Received Prepare
Registering precompiled user dll's ...
Registered in 0.003823 seconds.
Begin MonoManager ReloadAssembly
Native extension for WindowsStandalone target not found
Refreshing native plugins compatible for Editor in 0.44 ms, found 2 plugins.
Preloading 0 native plugins for Editor in 0.00 ms.
Mono: successfully reloaded assembly
- Completed reload, in  1.044 seconds
Platform modules already initialized, skipping
Refreshing native plugins compatible for Editor in 0.41 ms, found 2 plugins.
Preloading 0 native plugins for Editor in 0.00 ms.
Unloading 2036 Unused Serialized files (Serialized files now loaded: 0)
System memory in use before: 168.0 MB.
System memory in use after: 168.1 MB.

Unloading 15 unused Assets to reduce memory usage. Loaded Objects now: 2651.
Total: 2.284200 ms (FindLiveObjects: 0.191800 ms CreateObjectMapping: 0.078700 ms MarkObjects: 1.924800 ms  DeleteObjects: 0.087900 ms)

========================================================================
Received Prepare
Registering precompiled user dll's ...
Registered in 0.003675 seconds.
Begin MonoManager ReloadAssembly
Native extension for WindowsStandalone target not found
Refreshing native plugins compatible for Editor in 0.41 ms, found 2 plugins.
Preloading 0 native plugins for Editor in 0.00 ms.
Mono: successfully reloaded assembly
- Completed reload, in  1.007 seconds
Platform modules already initialized, skipping
Refreshing native plugins compatible for Editor in 0.41 ms, found 2 plugins.
Preloading 0 native plugins for Editor in 0.00 ms.
Unloading 2036 Unused Serialized files (Serialized files now loaded: 0)
System memory in use before: 168.0 MB.
System memory in use after: 168.1 MB.

Unloading 15 unused Assets to reduce memory usage. Loaded Objects now: 2654.
Total: 2.308300 ms (FindLiveObjects: 0.188700 ms CreateObjectMapping: 0.072600 ms MarkObjects: 1.984700 ms  DeleteObjects: 0.061500 ms)

========================================================================
Received Prepare
Registering precompiled user dll's ...
Registered in 0.003665 seconds.
Begin MonoManager ReloadAssembly
Native extension for WindowsStandalone target not found
Refreshing native plugins compatible for Editor in 0.42 ms, found 2 plugins.
Preloading 0 native plugins for Editor in 0.00 ms.
Mono: successfully reloaded assembly
- Completed reload, in  1.059 seconds
Platform modules already initialized, skipping
Refreshing native plugins compatible for Editor in 0.47 ms, found 2 plugins.
Preloading 0 native plugins for Editor in 0.00 ms.
Unloading 2036 Unused Serialized files (Serialized files now loaded: 0)
System memory in use before: 167.9 MB.
System memory in use after: 168.0 MB.

Unloading 15 unused Assets to reduce memory usage. Loaded Objects now: 2657.
Total: 2.275200 ms (FindLiveObjects: 0.171800 ms CreateObjectMapping: 0.063400 ms MarkObjects: 1.950300 ms  DeleteObjects: 0.088900 ms)

========================================================================
Received Prepare
Registering precompiled user dll's ...
Registered in 0.003698 seconds.
Begin MonoManager ReloadAssembly
Native extension for WindowsStandalone target not found
Refreshing native plugins compatible for Editor in 0.40 ms, found 2 plugins.
Preloading 0 native plugins for Editor in 0.00 ms.
Mono: successfully reloaded assembly
- Completed reload, in  1.221 seconds
Platform modules already initialized, skipping
Refreshing native plugins compatible for Editor in 0.44 ms, found 2 plugins.
Preloading 0 native plugins for Editor in 0.00 ms.
Unloading 2036 Unused Serialized files (Serialized files now loaded: 0)
System memory in use before: 168.1 MB.
System memory in use after: 168.1 MB.

Unloading 15 unused Assets to reduce memory usage. Loaded Objects now: 2660.
Total: 2.104400 ms (FindLiveObjects: 0.193800 ms CreateObjectMapping: 0.075000 ms MarkObjects: 1.772600 ms  DeleteObjects: 0.062200 ms)

========================================================================
Received Prepare
Registering precompiled user dll's ...
Registered in 0.004027 seconds.
Begin MonoManager ReloadAssembly
Native extension for WindowsStandalone target not found
Refreshing native plugins compatible for Editor in 0.48 ms, found 2 plugins.
Preloading 0 native plugins for Editor in 0.00 ms.
Mono: successfully reloaded assembly
- Completed reload, in  1.075 seconds
Platform modules already initialized, skipping
Refreshing native plugins compatible for Editor in 0.42 ms, found 2 plugins.
Preloading 0 native plugins for Editor in 0.00 ms.
Unloading 2036 Unused Serialized files (Serialized files now loaded: 0)
System memory in use before: 168.1 MB.
System memory in use after: 168.2 MB.

Unloading 15 unused Assets to reduce memory usage. Loaded Objects now: 2663.
Total: 2.031600 ms (FindLiveObjects: 0.195300 ms CreateObjectMapping: 0.076500 ms MarkObjects: 1.700500 ms  DeleteObjects: 0.058500 ms)

========================================================================
Received Prepare
Registering precompiled user dll's ...
Registered in 0.006746 seconds.
Begin MonoManager ReloadAssembly
Native extension for WindowsStandalone target not found
Refreshing native plugins compatible for Editor in 0.45 ms, found 2 plugins.
Preloading 0 native plugins for Editor in 0.00 ms.
Mono: successfully reloaded assembly
- Completed reload, in  1.069 seconds
Platform modules already initialized, skipping
Refreshing native plugins compatible for Editor in 0.53 ms, found 2 plugins.
Preloading 0 native plugins for Editor in 0.00 ms.
Unloading 2036 Unused Serialized files (Serialized files now loaded: 0)
System memory in use before: 168.1 MB.
System memory in use after: 168.2 MB.

Unloading 15 unused Assets to reduce memory usage. Loaded Objects now: 2666.
Total: 3.101900 ms (FindLiveObjects: 0.193800 ms CreateObjectMapping: 0.240800 ms MarkObjects: 2.587900 ms  DeleteObjects: 0.078000 ms)

========================================================================
Received Prepare
Registering precompiled user dll's ...
Registered in 0.004011 seconds.
Begin MonoManager ReloadAssembly
Native extension for WindowsStandalone target not found
Refreshing native plugins compatible for Editor in 0.52 ms, found 2 plugins.
Preloading 0 native plugins for Editor in 0.00 ms.
Mono: successfully reloaded assembly
- Completed reload, in  1.080 seconds
Platform modules already initialized, skipping
Refreshing native plugins compatible for Editor in 0.44 ms, found 2 plugins.
Preloading 0 native plugins for Editor in 0.00 ms.
Unloading 2036 Unused Serialized files (Serialized files now loaded: 0)
System memory in use before: 168.1 MB.
System memory in use after: 168.2 MB.

Unloading 15 unused Assets to reduce memory usage. Loaded Objects now: 2669.
Total: 2.303300 ms (FindLiveObjects: 0.179800 ms CreateObjectMapping: 0.071900 ms MarkObjects: 1.989600 ms  DeleteObjects: 0.061100 ms)

========================================================================
Received Prepare
Registering precompiled user dll's ...
Registered in 0.004804 seconds.
Begin MonoManager ReloadAssembly
Native extension for WindowsStandalone target not found
Refreshing native plugins compatible for Editor in 0.41 ms, found 2 plugins.
Preloading 0 native plugins for Editor in 0.00 ms.
Mono: successfully reloaded assembly
- Completed reload, in  1.043 seconds
Platform modules already initialized, skipping
Refreshing native plugins compatible for Editor in 0.42 ms, found 2 plugins.
Preloading 0 native plugins for Editor in 0.00 ms.
Unloading 2036 Unused Serialized files (Serialized files now loaded: 0)
System memory in use before: 168.0 MB.
System memory in use after: 168.1 MB.

Unloading 15 unused Assets to reduce memory usage. Loaded Objects now: 2672.
Total: 2.644800 ms (FindLiveObjects: 0.186100 ms CreateObjectMapping: 0.077300 ms MarkObjects: 2.304100 ms  DeleteObjects: 0.076200 ms)

========================================================================
Received Prepare
Registering precompiled user dll's ...
Registered in 0.006123 seconds.
Begin MonoManager ReloadAssembly
Native extension for WindowsStandalone target not found
Refreshing native plugins compatible for Editor in 0.46 ms, found 2 plugins.
Preloading 0 native plugins for Editor in 0.00 ms.
Mono: successfully reloaded assembly
- Completed reload, in  1.029 seconds
Platform modules already initialized, skipping
Refreshing native plugins compatible for Editor in 0.41 ms, found 2 plugins.
Preloading 0 native plugins for Editor in 0.00 ms.
Unloading 2036 Unused Serialized files (Serialized files now loaded: 0)
System memory in use before: 168.1 MB.
System memory in use after: 168.2 MB.

Unloading 15 unused Assets to reduce memory usage. Loaded Objects now: 2675.
Total: 2.292400 ms (FindLiveObjects: 0.189600 ms CreateObjectMapping: 0.074500 ms MarkObjects: 1.966900 ms  DeleteObjects: 0.060300 ms)

========================================================================
Received Prepare
Registering precompiled user dll's ...
Registered in 0.004439 seconds.
Begin MonoManager ReloadAssembly
Native extension for WindowsStandalone target not found
Refreshing native plugins compatible for Editor in 0.45 ms, found 2 plugins.
Preloading 0 native plugins for Editor in 0.00 ms.
Mono: successfully reloaded assembly
- Completed reload, in  1.028 seconds
Platform modules already initialized, skipping
Refreshing native plugins compatible for Editor in 0.42 ms, found 2 plugins.
Preloading 0 native plugins for Editor in 0.00 ms.
Unloading 2036 Unused Serialized files (Serialized files now loaded: 0)
System memory in use before: 168.1 MB.
System memory in use after: 168.2 MB.

Unloading 15 unused Assets to reduce memory usage. Loaded Objects now: 2678.
Total: 2.149800 ms (FindLiveObjects: 0.191900 ms CreateObjectMapping: 0.077300 ms MarkObjects: 1.813900 ms  DeleteObjects: 0.065700 ms)

========================================================================
Received Prepare
Registering precompiled user dll's ...
Registered in 0.004639 seconds.
Begin MonoManager ReloadAssembly
Native extension for WindowsStandalone target not found
Refreshing native plugins compatible for Editor in 0.41 ms, found 2 plugins.
Preloading 0 native plugins for Editor in 0.00 ms.
Mono: successfully reloaded assembly
- Completed reload, in  1.055 seconds
Platform modules already initialized, skipping
Refreshing native plugins compatible for Editor in 0.43 ms, found 2 plugins.
Preloading 0 native plugins for Editor in 0.00 ms.
Unloading 2036 Unused Serialized files (Serialized files now loaded: 0)
System memory in use before: 168.1 MB.
System memory in use after: 168.2 MB.

Unloading 15 unused Assets to reduce memory usage. Loaded Objects now: 2681.
Total: 2.323000 ms (FindLiveObjects: 0.205900 ms CreateObjectMapping: 0.076300 ms MarkObjects: 1.976900 ms  DeleteObjects: 0.063000 ms)

========================================================================
Received Prepare
Registering precompiled user dll's ...
Registered in 0.004096 seconds.
Begin MonoManager ReloadAssembly
Native extension for WindowsStandalone target not found
Refreshing native plugins compatible for Editor in 1.71 ms, found 2 plugins.
Preloading 0 native plugins for Editor in 0.00 ms.
Mono: successfully reloaded assembly
- Completed reload, in  1.100 seconds
Platform modules already initialized, skipping
Refreshing native plugins compatible for Editor in 0.41 ms, found 2 plugins.
Preloading 0 native plugins for Editor in 0.00 ms.
Unloading 2036 Unused Serialized files (Serialized files now loaded: 0)
System memory in use before: 168.1 MB.
System memory in use after: 168.2 MB.

Unloading 15 unused Assets to reduce memory usage. Loaded Objects now: 2684.
Total: 3.412900 ms (FindLiveObjects: 0.184300 ms CreateObjectMapping: 0.072300 ms MarkObjects: 3.053900 ms  DeleteObjects: 0.100900 ms)

========================================================================
Received Prepare
Registering precompiled user dll's ...
Registered in 0.004105 seconds.
Begin MonoManager ReloadAssembly
Native extension for WindowsStandalone target not found
Refreshing native plugins compatible for Editor in 0.42 ms, found 2 plugins.
Preloading 0 native plugins for Editor in 0.00 ms.
Mono: successfully reloaded assembly
- Completed reload, in  1.276 seconds
Platform modules already initialized, skipping
Refreshing native plugins compatible for Editor in 0.43 ms, found 2 plugins.
Preloading 0 native plugins for Editor in 0.00 ms.
Unloading 2036 Unused Serialized files (Serialized files now loaded: 0)
System memory in use before: 168.0 MB.
System memory in use after: 168.1 MB.

Unloading 15 unused Assets to reduce memory usage. Loaded Objects now: 2687.
Total: 2.286900 ms (FindLiveObjects: 0.195700 ms CreateObjectMapping: 0.160300 ms MarkObjects: 1.863400 ms  DeleteObjects: 0.066600 ms)

========================================================================
Received Prepare
Registering precompiled user dll's ...
Registered in 0.004063 seconds.
Begin MonoManager ReloadAssembly
Native extension for WindowsStandalone target not found
Refreshing native plugins compatible for Editor in 0.45 ms, found 2 plugins.
Preloading 0 native plugins for Editor in 0.00 ms.
Mono: successfully reloaded assembly
- Completed reload, in  1.083 seconds
Platform modules already initialized, skipping
Refreshing native plugins compatible for Editor in 0.46 ms, found 2 plugins.
Preloading 0 native plugins for Editor in 0.00 ms.
Unloading 2036 Unused Serialized files (Serialized files now loaded: 0)
System memory in use before: 168.1 MB.
System memory in use after: 168.2 MB.

Unloading 15 unused Assets to reduce memory usage. Loaded Objects now: 2690.
Total: 3.094500 ms (FindLiveObjects: 0.216900 ms CreateObjectMapping: 0.087200 ms MarkObjects: 1.916400 ms  DeleteObjects: 0.872600 ms)

========================================================================
Received Prepare
Registering precompiled user dll's ...
Registered in 0.003694 seconds.
Begin MonoManager ReloadAssembly
Native extension for WindowsStandalone target not found
Refreshing native plugins compatible for Editor in 0.51 ms, found 2 plugins.
Preloading 0 native plugins for Editor in 0.00 ms.
Mono: successfully reloaded assembly
- Completed reload, in  1.050 seconds
Platform modules already initialized, skipping
Refreshing native plugins compatible for Editor in 0.41 ms, found 2 plugins.
Preloading 0 native plugins for Editor in 0.00 ms.
Unloading 2036 Unused Serialized files (Serialized files now loaded: 0)
System memory in use before: 168.1 MB.
System memory in use after: 168.2 MB.

Unloading 15 unused Assets to reduce memory usage. Loaded Objects now: 2693.
Total: 2.713400 ms (FindLiveObjects: 0.188300 ms CreateObjectMapping: 0.072900 ms MarkObjects: 2.365300 ms  DeleteObjects: 0.085700 ms)

========================================================================
Received Prepare
Registering precompiled user dll's ...
Registered in 0.003952 seconds.
Begin MonoManager ReloadAssembly
Native extension for WindowsStandalone target not found
Refreshing native plugins compatible for Editor in 0.48 ms, found 2 plugins.
Preloading 0 native plugins for Editor in 0.00 ms.
Mono: successfully reloaded assembly
- Completed reload, in  1.023 seconds
Platform modules already initialized, skipping
Refreshing native plugins compatible for Editor in 0.43 ms, found 2 plugins.
Preloading 0 native plugins for Editor in 0.00 ms.
Unloading 2036 Unused Serialized files (Serialized files now loaded: 0)
System memory in use before: 168.2 MB.
System memory in use after: 168.2 MB.

Unloading 15 unused Assets to reduce memory usage. Loaded Objects now: 2696.
Total: 2.395700 ms (FindLiveObjects: 0.200800 ms CreateObjectMapping: 0.083900 ms MarkObjects: 2.034200 ms  DeleteObjects: 0.075700 ms)

========================================================================
Received Prepare
Registering precompiled user dll's ...
Registered in 0.003762 seconds.
Begin MonoManager ReloadAssembly
Native extension for WindowsStandalone target not found
Refreshing native plugins compatible for Editor in 0.45 ms, found 2 plugins.
Preloading 0 native plugins for Editor in 0.00 ms.
Mono: successfully reloaded assembly
- Completed reload, in  1.026 seconds
Platform modules already initialized, skipping
Refreshing native plugins compatible for Editor in 0.47 ms, found 2 plugins.
Preloading 0 native plugins for Editor in 0.00 ms.
Unloading 2036 Unused Serialized files (Serialized files now loaded: 0)
System memory in use before: 168.2 MB.
System memory in use after: 168.3 MB.

Unloading 15 unused Assets to reduce memory usage. Loaded Objects now: 2699.
Total: 2.270300 ms (FindLiveObjects: 0.187200 ms CreateObjectMapping: 0.068900 ms MarkObjects: 1.938100 ms  DeleteObjects: 0.075100 ms)

========================================================================
Received Prepare
Registering precompiled user dll's ...
Registered in 0.004712 seconds.
Begin MonoManager ReloadAssembly
Native extension for WindowsStandalone target not found
Refreshing native plugins compatible for Editor in 0.46 ms, found 2 plugins.
Preloading 0 native plugins for Editor in 0.00 ms.
Mono: successfully reloaded assembly
- Completed reload, in  1.164 seconds
Platform modules already initialized, skipping
Refreshing native plugins compatible for Editor in 0.40 ms, found 2 plugins.
Preloading 0 native plugins for Editor in 0.00 ms.
Unloading 2036 Unused Serialized files (Serialized files now loaded: 0)
System memory in use before: 168.1 MB.
System memory in use after: 168.2 MB.

Unloading 15 unused Assets to reduce memory usage. Loaded Objects now: 2702.
Total: 2.451300 ms (FindLiveObjects: 0.213200 ms CreateObjectMapping: 0.072600 ms MarkObjects: 2.067600 ms  DeleteObjects: 0.096900 ms)

========================================================================
Received Prepare
Registering precompiled user dll's ...
Registered in 0.004338 seconds.
Begin MonoManager ReloadAssembly
Native extension for WindowsStandalone target not found
Refreshing native plugins compatible for Editor in 0.45 ms, found 2 plugins.
Preloading 0 native plugins for Editor in 0.00 ms.
Mono: successfully reloaded assembly
- Completed reload, in  1.025 seconds
Platform modules already initialized, skipping
Refreshing native plugins compatible for Editor in 0.43 ms, found 2 plugins.
Preloading 0 native plugins for Editor in 0.00 ms.
Unloading 2036 Unused Serialized files (Serialized files now loaded: 0)
System memory in use before: 168.2 MB.
System memory in use after: 168.3 MB.

Unloading 15 unused Assets to reduce memory usage. Loaded Objects now: 2705.
Total: 2.283700 ms (FindLiveObjects: 0.229300 ms CreateObjectMapping: 0.070300 ms MarkObjects: 1.907500 ms  DeleteObjects: 0.075300 ms)

========================================================================
Received Prepare
Registering precompiled user dll's ...
Registered in 0.005630 seconds.
Begin MonoManager ReloadAssembly
Native extension for WindowsStandalone target not found
Refreshing native plugins compatible for Editor in 0.86 ms, found 2 plugins.
Preloading 0 native plugins for Editor in 0.00 ms.
Mono: successfully reloaded assembly
- Completed reload, in  1.011 seconds
Platform modules already initialized, skipping
Refreshing native plugins compatible for Editor in 0.40 ms, found 2 plugins.
Preloading 0 native plugins for Editor in 0.00 ms.
Unloading 2036 Unused Serialized files (Serialized files now loaded: 0)
System memory in use before: 168.2 MB.
System memory in use after: 168.3 MB.

Unloading 15 unused Assets to reduce memory usage. Loaded Objects now: 2708.
Total: 2.232800 ms (FindLiveObjects: 0.177000 ms CreateObjectMapping: 0.066700 ms MarkObjects: 1.900500 ms  DeleteObjects: 0.087700 ms)

========================================================================
Received Prepare
Registering precompiled user dll's ...
Registered in 0.005961 seconds.
Begin MonoManager ReloadAssembly
Native extension for WindowsStandalone target not found
Refreshing native plugins compatible for Editor in 0.42 ms, found 2 plugins.
Preloading 0 native plugins for Editor in 0.00 ms.
Mono: successfully reloaded assembly
- Completed reload, in  1.028 seconds
Platform modules already initialized, skipping
Refreshing native plugins compatible for Editor in 0.41 ms, found 2 plugins.
Preloading 0 native plugins for Editor in 0.00 ms.
Unloading 2036 Unused Serialized files (Serialized files now loaded: 0)
System memory in use before: 168.3 MB.
System memory in use after: 168.4 MB.

Unloading 15 unused Assets to reduce memory usage. Loaded Objects now: 2711.
Total: 2.418600 ms (FindLiveObjects: 0.226300 ms CreateObjectMapping: 0.084300 ms MarkObjects: 2.024800 ms  DeleteObjects: 0.081800 ms)

========================================================================
Received Prepare
Registering precompiled user dll's ...
Registered in 0.003689 seconds.
Begin MonoManager ReloadAssembly
Native extension for WindowsStandalone target not found
Refreshing native plugins compatible for Editor in 0.70 ms, found 2 plugins.
Preloading 0 native plugins for Editor in 0.00 ms.
Mono: successfully reloaded assembly
- Completed reload, in  1.155 seconds
Platform modules already initialized, skipping
Refreshing native plugins compatible for Editor in 0.42 ms, found 2 plugins.
Preloading 0 native plugins for Editor in 0.00 ms.
Unloading 2036 Unused Serialized files (Serialized files now loaded: 0)
System memory in use before: 168.3 MB.
System memory in use after: 168.4 MB.

Unloading 15 unused Assets to reduce memory usage. Loaded Objects now: 2714.
Total: 2.290000 ms (FindLiveObjects: 0.211400 ms CreateObjectMapping: 0.111500 ms MarkObjects: 1.882700 ms  DeleteObjects: 0.083200 ms)

========================================================================
Received Prepare
Registering precompiled user dll's ...
Registered in 0.006412 seconds.
Begin MonoManager ReloadAssembly
Native extension for WindowsStandalone target not found
Refreshing native plugins compatible for Editor in 0.75 ms, found 2 plugins.
Preloading 0 native plugins for Editor in 0.00 ms.
Mono: successfully reloaded assembly
- Completed reload, in  1.228 seconds
Platform modules already initialized, skipping
Refreshing native plugins compatible for Editor in 0.46 ms, found 2 plugins.
Preloading 0 native plugins for Editor in 0.00 ms.
Unloading 2036 Unused Serialized files (Serialized files now loaded: 0)
System memory in use before: 168.2 MB.
System memory in use after: 168.3 MB.

Unloading 15 unused Assets to reduce memory usage. Loaded Objects now: 2717.
Total: 2.535000 ms (FindLiveObjects: 0.221500 ms CreateObjectMapping: 0.082600 ms MarkObjects: 2.165000 ms  DeleteObjects: 0.064900 ms)

========================================================================
Received Prepare
Registering precompiled user dll's ...
Registered in 0.003696 seconds.
Begin MonoManager ReloadAssembly
Native extension for WindowsStandalone target not found
Refreshing native plugins compatible for Editor in 0.41 ms, found 2 plugins.
Preloading 0 native plugins for Editor in 0.00 ms.
Mono: successfully reloaded assembly
- Completed reload, in  1.000 seconds
Platform modules already initialized, skipping
Refreshing native plugins compatible for Editor in 0.41 ms, found 2 plugins.
Preloading 0 native plugins for Editor in 0.00 ms.
Unloading 2036 Unused Serialized files (Serialized files now loaded: 0)
System memory in use before: 168.3 MB.
System memory in use after: 168.5 MB.

Unloading 15 unused Assets to reduce memory usage. Loaded Objects now: 2720.
Total: 2.590900 ms (FindLiveObjects: 0.216000 ms CreateObjectMapping: 0.075000 ms MarkObjects: 2.226100 ms  DeleteObjects: 0.072600 ms)

========================================================================
Received Prepare
Registering precompiled user dll's ...
Registered in 0.003796 seconds.
Begin MonoManager ReloadAssembly
Native extension for WindowsStandalone target not found
Refreshing native plugins compatible for Editor in 0.50 ms, found 2 plugins.
Preloading 0 native plugins for Editor in 0.00 ms.
Mono: successfully reloaded assembly
- Completed reload, in  1.116 seconds
Platform modules already initialized, skipping
Refreshing native plugins compatible for Editor in 0.41 ms, found 2 plugins.
Preloading 0 native plugins for Editor in 0.00 ms.
Unloading 2036 Unused Serialized files (Serialized files now loaded: 0)
System memory in use before: 168.3 MB.
System memory in use after: 168.5 MB.

Unloading 15 unused Assets to reduce memory usage. Loaded Objects now: 2723.
Total: 2.173700 ms (FindLiveObjects: 0.194700 ms CreateObjectMapping: 0.074500 ms MarkObjects: 1.809400 ms  DeleteObjects: 0.094300 ms)

========================================================================
Received Prepare
Registering precompiled user dll's ...
Registered in 0.004223 seconds.
Begin MonoManager ReloadAssembly
Native extension for WindowsStandalone target not found
Refreshing native plugins compatible for Editor in 0.47 ms, found 2 plugins.
Preloading 0 native plugins for Editor in 0.00 ms.
Mono: successfully reloaded assembly
- Completed reload, in  1.013 seconds
Platform modules already initialized, skipping
Refreshing native plugins compatible for Editor in 0.44 ms, found 2 plugins.
Preloading 0 native plugins for Editor in 0.00 ms.
Unloading 2036 Unused Serialized files (Serialized files now loaded: 0)
System memory in use before: 168.3 MB.
System memory in use after: 168.5 MB.

Unloading 15 unused Assets to reduce memory usage. Loaded Objects now: 2726.
Total: 2.299100 ms (FindLiveObjects: 0.223900 ms CreateObjectMapping: 0.077800 ms MarkObjects: 1.920000 ms  DeleteObjects: 0.076500 ms)

========================================================================
Received Prepare
Registering precompiled user dll's ...
Registered in 0.003817 seconds.
Begin MonoManager ReloadAssembly
Native extension for WindowsStandalone target not found
Refreshing native plugins compatible for Editor in 0.44 ms, found 2 plugins.
Preloading 0 native plugins for Editor in 0.00 ms.
Mono: successfully reloaded assembly
- Completed reload, in  1.031 seconds
Platform modules already initialized, skipping
Refreshing native plugins compatible for Editor in 0.44 ms, found 2 plugins.
Preloading 0 native plugins for Editor in 0.00 ms.
Unloading 2036 Unused Serialized files (Serialized files now loaded: 0)
System memory in use before: 168.3 MB.
System memory in use after: 168.5 MB.

Unloading 15 unused Assets to reduce memory usage. Loaded Objects now: 2729.
Total: 2.153200 ms (FindLiveObjects: 0.218600 ms CreateObjectMapping: 0.084800 ms MarkObjects: 1.787300 ms  DeleteObjects: 0.061300 ms)

========================================================================
Received Prepare
Registering precompiled user dll's ...
Registered in 0.003692 seconds.
Begin MonoManager ReloadAssembly
Native extension for WindowsStandalone target not found
Refreshing native plugins compatible for Editor in 0.42 ms, found 2 plugins.
Preloading 0 native plugins for Editor in 0.00 ms.
Mono: successfully reloaded assembly
- Completed reload, in  1.200 seconds
Platform modules already initialized, skipping
Refreshing native plugins compatible for Editor in 0.43 ms, found 2 plugins.
Preloading 0 native plugins for Editor in 0.00 ms.
Unloading 2036 Unused Serialized files (Serialized files now loaded: 0)
System memory in use before: 168.2 MB.
System memory in use after: 168.4 MB.

Unloading 15 unused Assets to reduce memory usage. Loaded Objects now: 2732.
Total: 2.736000 ms (FindLiveObjects: 0.235400 ms CreateObjectMapping: 0.108500 ms MarkObjects: 2.320100 ms  DeleteObjects: 0.070400 ms)

========================================================================
Received Prepare
Registering precompiled user dll's ...
Registered in 0.003999 seconds.
Begin MonoManager ReloadAssembly
Native extension for WindowsStandalone target not found
Refreshing native plugins compatible for Editor in 0.41 ms, found 2 plugins.
Preloading 0 native plugins for Editor in 0.00 ms.
Mono: successfully reloaded assembly
- Completed reload, in  1.066 seconds
Platform modules already initialized, skipping
Refreshing native plugins compatible for Editor in 0.50 ms, found 2 plugins.
Preloading 0 native plugins for Editor in 0.00 ms.
Unloading 2036 Unused Serialized files (Serialized files now loaded: 0)
System memory in use before: 168.4 MB.
System memory in use after: 168.5 MB.

Unloading 15 unused Assets to reduce memory usage. Loaded Objects now: 2735.
Total: 2.176900 ms (FindLiveObjects: 0.219000 ms CreateObjectMapping: 0.095900 ms MarkObjects: 1.802400 ms  DeleteObjects: 0.058800 ms)

========================================================================
Received Prepare
Registering precompiled user dll's ...
Registered in 0.003813 seconds.
Begin MonoManager ReloadAssembly
Native extension for WindowsStandalone target not found
Refreshing native plugins compatible for Editor in 0.41 ms, found 2 plugins.
Preloading 0 native plugins for Editor in 0.00 ms.
Mono: successfully reloaded assembly
- Completed reload, in  1.009 seconds
Platform modules already initialized, skipping
Refreshing native plugins compatible for Editor in 0.43 ms, found 2 plugins.
Preloading 0 native plugins for Editor in 0.00 ms.
Unloading 2036 Unused Serialized files (Serialized files now loaded: 0)
System memory in use before: 168.4 MB.
System memory in use after: 168.5 MB.

Unloading 15 unused Assets to reduce memory usage. Loaded Objects now: 2738.
Total: 2.305300 ms (FindLiveObjects: 0.201600 ms CreateObjectMapping: 0.077500 ms MarkObjects: 1.930200 ms  DeleteObjects: 0.095300 ms)

========================================================================
Received Prepare
Registering precompiled user dll's ...
Registered in 0.003923 seconds.
Begin MonoManager ReloadAssembly
Native extension for WindowsStandalone target not found
Refreshing native plugins compatible for Editor in 0.45 ms, found 2 plugins.
Preloading 0 native plugins for Editor in 0.00 ms.
Mono: successfully reloaded assembly
- Completed reload, in  1.049 seconds
Platform modules already initialized, skipping
Refreshing native plugins compatible for Editor in 0.43 ms, found 2 plugins.
Preloading 0 native plugins for Editor in 0.00 ms.
Unloading 2036 Unused Serialized files (Serialized files now loaded: 0)
System memory in use before: 168.4 MB.
System memory in use after: 168.6 MB.

Unloading 15 unused Assets to reduce memory usage. Loaded Objects now: 2741.
Total: 2.383600 ms (FindLiveObjects: 0.208700 ms CreateObjectMapping: 0.111900 ms MarkObjects: 2.000600 ms  DeleteObjects: 0.061200 ms)

========================================================================
Received Prepare
Registering precompiled user dll's ...
Registered in 0.003777 seconds.
Begin MonoManager ReloadAssembly
Native extension for WindowsStandalone target not found
Refreshing native plugins compatible for Editor in 0.41 ms, found 2 plugins.
Preloading 0 native plugins for Editor in 0.00 ms.
Mono: successfully reloaded assembly
- Completed reload, in  1.185 seconds
Platform modules already initialized, skipping
Refreshing native plugins compatible for Editor in 0.41 ms, found 2 plugins.
Preloading 0 native plugins for Editor in 0.00 ms.
Unloading 2036 Unused Serialized files (Serialized files now loaded: 0)
System memory in use before: 168.4 MB.
System memory in use after: 168.6 MB.

Unloading 15 unused Assets to reduce memory usage. Loaded Objects now: 2744.
Total: 2.236800 ms (FindLiveObjects: 0.224500 ms CreateObjectMapping: 0.085800 ms MarkObjects: 1.861500 ms  DeleteObjects: 0.064000 ms)

========================================================================
Received Prepare
Registering precompiled user dll's ...
Registered in 0.003834 seconds.
Begin MonoManager ReloadAssembly
Native extension for WindowsStandalone target not found
Refreshing native plugins compatible for Editor in 0.42 ms, found 2 plugins.
Preloading 0 native plugins for Editor in 0.00 ms.
Mono: successfully reloaded assembly
- Completed reload, in  1.008 seconds
Platform modules already initialized, skipping
Refreshing native plugins compatible for Editor in 0.43 ms, found 2 plugins.
Preloading 0 native plugins for Editor in 0.00 ms.
Unloading 2036 Unused Serialized files (Serialized files now loaded: 0)
System memory in use before: 168.3 MB.
System memory in use after: 168.5 MB.

Unloading 15 unused Assets to reduce memory usage. Loaded Objects now: 2747.
Total: 2.569900 ms (FindLiveObjects: 0.220300 ms CreateObjectMapping: 0.084700 ms MarkObjects: 2.199900 ms  DeleteObjects: 0.064200 ms)

========================================================================
Received Prepare
Registering precompiled user dll's ...
Registered in 0.003871 seconds.
Begin MonoManager ReloadAssembly
Native extension for WindowsStandalone target not found
Refreshing native plugins compatible for Editor in 0.43 ms, found 2 plugins.
Preloading 0 native plugins for Editor in 0.00 ms.
Mono: successfully reloaded assembly
- Completed reload, in  1.013 seconds
Platform modules already initialized, skipping
Refreshing native plugins compatible for Editor in 0.42 ms, found 2 plugins.
Preloading 0 native plugins for Editor in 0.00 ms.
Unloading 2036 Unused Serialized files (Serialized files now loaded: 0)
System memory in use before: 168.4 MB.
System memory in use after: 168.6 MB.

Unloading 15 unused Assets to reduce memory usage. Loaded Objects now: 2750.
Total: 2.400700 ms (FindLiveObjects: 0.225400 ms CreateObjectMapping: 0.091100 ms MarkObjects: 2.018200 ms  DeleteObjects: 0.065000 ms)

========================================================================
Received Prepare
Registering precompiled user dll's ...
Registered in 0.003724 seconds.
Begin MonoManager ReloadAssembly
Native extension for WindowsStandalone target not found
Refreshing native plugins compatible for Editor in 0.40 ms, found 2 plugins.
Preloading 0 native plugins for Editor in 0.00 ms.
Mono: successfully reloaded assembly
- Completed reload, in  1.048 seconds
Platform modules already initialized, skipping
Refreshing native plugins compatible for Editor in 0.42 ms, found 2 plugins.
Preloading 0 native plugins for Editor in 0.00 ms.
Unloading 2036 Unused Serialized files (Serialized files now loaded: 0)
System memory in use before: 168.4 MB.
System memory in use after: 168.6 MB.

Unloading 15 unused Assets to reduce memory usage. Loaded Objects now: 2753.
Total: 2.296100 ms (FindLiveObjects: 0.213400 ms CreateObjectMapping: 0.087900 ms MarkObjects: 1.934900 ms  DeleteObjects: 0.059100 ms)

========================================================================
Received Prepare
Registering precompiled user dll's ...
Registered in 0.003877 seconds.
Begin MonoManager ReloadAssembly
Native extension for WindowsStandalone target not found
Refreshing native plugins compatible for Editor in 0.45 ms, found 2 plugins.
Preloading 0 native plugins for Editor in 0.00 ms.
Mono: successfully reloaded assembly
- Completed reload, in  1.010 seconds
Platform modules already initialized, skipping
Refreshing native plugins compatible for Editor in 0.42 ms, found 2 plugins.
Preloading 0 native plugins for Editor in 0.00 ms.
Unloading 2036 Unused Serialized files (Serialized files now loaded: 0)
System memory in use before: 168.4 MB.
System memory in use after: 168.6 MB.

Unloading 15 unused Assets to reduce memory usage. Loaded Objects now: 2756.
Total: 2.351300 ms (FindLiveObjects: 0.244300 ms CreateObjectMapping: 0.100700 ms MarkObjects: 1.911500 ms  DeleteObjects: 0.093700 ms)

========================================================================
Received Prepare
Registering precompiled user dll's ...
Registered in 0.005026 seconds.
Begin MonoManager ReloadAssembly
Native extension for WindowsStandalone target not found
Refreshing native plugins compatible for Editor in 0.41 ms, found 2 plugins.
Preloading 0 native plugins for Editor in 0.00 ms.
Mono: successfully reloaded assembly
- Completed reload, in  1.028 seconds
Platform modules already initialized, skipping
Refreshing native plugins compatible for Editor in 0.42 ms, found 2 plugins.
Preloading 0 native plugins for Editor in 0.00 ms.
Unloading 2036 Unused Serialized files (Serialized files now loaded: 0)
System memory in use before: 168.4 MB.
System memory in use after: 168.6 MB.

Unloading 15 unused Assets to reduce memory usage. Loaded Objects now: 2759.
Total: 2.161500 ms (FindLiveObjects: 0.219500 ms CreateObjectMapping: 0.081000 ms MarkObjects: 1.800700 ms  DeleteObjects: 0.059300 ms)

========================================================================
Received Prepare
Registering precompiled user dll's ...
Registered in 0.003844 seconds.
Begin MonoManager ReloadAssembly
Native extension for WindowsStandalone target not found
Refreshing native plugins compatible for Editor in 0.61 ms, found 2 plugins.
Preloading 0 native plugins for Editor in 0.00 ms.
Mono: successfully reloaded assembly
- Completed reload, in  1.235 seconds
Platform modules already initialized, skipping
Refreshing native plugins compatible for Editor in 0.43 ms, found 2 plugins.
Preloading 0 native plugins for Editor in 0.00 ms.
Unloading 2036 Unused Serialized files (Serialized files now loaded: 0)
System memory in use before: 168.3 MB.
System memory in use after: 168.5 MB.

Unloading 15 unused Assets to reduce memory usage. Loaded Objects now: 2762.
Total: 2.188400 ms (FindLiveObjects: 0.219700 ms CreateObjectMapping: 0.074200 ms MarkObjects: 1.795000 ms  DeleteObjects: 0.098400 ms)

========================================================================
Received Prepare
Registering precompiled user dll's ...
Registered in 0.004435 seconds.
Begin MonoManager ReloadAssembly
Native extension for WindowsStandalone target not found
Refreshing native plugins compatible for Editor in 0.40 ms, found 2 plugins.
Preloading 0 native plugins for Editor in 0.00 ms.
Mono: successfully reloaded assembly
- Completed reload, in  1.012 seconds
Platform modules already initialized, skipping
Refreshing native plugins compatible for Editor in 0.42 ms, found 2 plugins.
Preloading 0 native plugins for Editor in 0.00 ms.
Unloading 2036 Unused Serialized files (Serialized files now loaded: 0)
System memory in use before: 168.4 MB.
System memory in use after: 168.6 MB.

Unloading 15 unused Assets to reduce memory usage. Loaded Objects now: 2765.
Total: 3.005400 ms (FindLiveObjects: 0.328800 ms CreateObjectMapping: 0.222900 ms MarkObjects: 2.346700 ms  DeleteObjects: 0.105800 ms)

========================================================================
Received Prepare
Registering precompiled user dll's ...
Registered in 0.003750 seconds.
Begin MonoManager ReloadAssembly
Native extension for WindowsStandalone target not found
Refreshing native plugins compatible for Editor in 0.47 ms, found 2 plugins.
Preloading 0 native plugins for Editor in 0.00 ms.
Mono: successfully reloaded assembly
- Completed reload, in  1.056 seconds
Platform modules already initialized, skipping
Refreshing native plugins compatible for Editor in 0.57 ms, found 2 plugins.
Preloading 0 native plugins for Editor in 0.00 ms.
Unloading 2036 Unused Serialized files (Serialized files now loaded: 0)
System memory in use before: 168.4 MB.
System memory in use after: 168.6 MB.

Unloading 15 unused Assets to reduce memory usage. Loaded Objects now: 2768.
Total: 2.617500 ms (FindLiveObjects: 0.248100 ms CreateObjectMapping: 0.121100 ms MarkObjects: 2.179400 ms  DeleteObjects: 0.067700 ms)

========================================================================
Received Prepare
Registering precompiled user dll's ...
Registered in 0.003954 seconds.
Begin MonoManager ReloadAssembly
Native extension for WindowsStandalone target not found
Refreshing native plugins compatible for Editor in 0.42 ms, found 2 plugins.
Preloading 0 native plugins for Editor in 0.00 ms.
Mono: successfully reloaded assembly
- Completed reload, in  1.128 seconds
Platform modules already initialized, skipping
Refreshing native plugins compatible for Editor in 0.42 ms, found 2 plugins.
Preloading 0 native plugins for Editor in 0.00 ms.
Unloading 2036 Unused Serialized files (Serialized files now loaded: 0)
System memory in use before: 168.4 MB.
System memory in use after: 168.6 MB.

Unloading 15 unused Assets to reduce memory usage. Loaded Objects now: 2771.
Total: 2.386000 ms (FindLiveObjects: 0.212900 ms CreateObjectMapping: 0.262000 ms MarkObjects: 1.811300 ms  DeleteObjects: 0.099100 ms)

========================================================================
Received Prepare
Registering precompiled user dll's ...
Registered in 0.003901 seconds.
Begin MonoManager ReloadAssembly
Native extension for WindowsStandalone target not found
Refreshing native plugins compatible for Editor in 0.48 ms, found 2 plugins.
Preloading 0 native plugins for Editor in 0.00 ms.
Mono: successfully reloaded assembly
- Completed reload, in  1.033 seconds
Platform modules already initialized, skipping
Refreshing native plugins compatible for Editor in 0.41 ms, found 2 plugins.
Preloading 0 native plugins for Editor in 0.00 ms.
Unloading 2036 Unused Serialized files (Serialized files now loaded: 0)
System memory in use before: 168.5 MB.
System memory in use after: 168.6 MB.

Unloading 15 unused Assets to reduce memory usage. Loaded Objects now: 2774.
Total: 2.380300 ms (FindLiveObjects: 0.223300 ms CreateObjectMapping: 0.088300 ms MarkObjects: 2.001900 ms  DeleteObjects: 0.065500 ms)

========================================================================
Received Prepare
Registering precompiled user dll's ...
Registered in 0.004119 seconds.
Begin MonoManager ReloadAssembly
Native extension for WindowsStandalone target not found
Refreshing native plugins compatible for Editor in 0.45 ms, found 2 plugins.
Preloading 0 native plugins for Editor in 0.00 ms.
Mono: successfully reloaded assembly
- Completed reload, in  1.014 seconds
Platform modules already initialized, skipping
Refreshing native plugins compatible for Editor in 0.41 ms, found 2 plugins.
Preloading 0 native plugins for Editor in 0.00 ms.
Unloading 2036 Unused Serialized files (Serialized files now loaded: 0)
System memory in use before: 168.4 MB.
System memory in use after: 168.6 MB.

Unloading 15 unused Assets to reduce memory usage. Loaded Objects now: 2777.
Total: 2.352400 ms (FindLiveObjects: 0.279600 ms CreateObjectMapping: 0.082400 ms MarkObjects: 1.901500 ms  DeleteObjects: 0.087900 ms)

========================================================================
Received Prepare
Registering precompiled user dll's ...
Registered in 0.003963 seconds.
Begin MonoManager ReloadAssembly
Native extension for WindowsStandalone target not found
Refreshing native plugins compatible for Editor in 0.42 ms, found 2 plugins.
Preloading 0 native plugins for Editor in 0.00 ms.
Mono: successfully reloaded assembly
- Completed reload, in  1.064 seconds
Platform modules already initialized, skipping
Refreshing native plugins compatible for Editor in 0.43 ms, found 2 plugins.
Preloading 0 native plugins for Editor in 0.00 ms.
Unloading 2036 Unused Serialized files (Serialized files now loaded: 0)
System memory in use before: 168.5 MB.
System memory in use after: 168.7 MB.

Unloading 15 unused Assets to reduce memory usage. Loaded Objects now: 2780.
Total: 2.203100 ms (FindLiveObjects: 0.227000 ms CreateObjectMapping: 0.091500 ms MarkObjects: 1.821300 ms  DeleteObjects: 0.062400 ms)

========================================================================
Received Prepare
Registering precompiled user dll's ...
Registered in 0.003664 seconds.
Begin MonoManager ReloadAssembly
Native extension for WindowsStandalone target not found
Refreshing native plugins compatible for Editor in 0.44 ms, found 2 plugins.
Preloading 0 native plugins for Editor in 0.00 ms.
Mono: successfully reloaded assembly
- Completed reload, in  1.017 seconds
Platform modules already initialized, skipping
Refreshing native plugins compatible for Editor in 0.41 ms, found 2 plugins.
Preloading 0 native plugins for Editor in 0.00 ms.
Unloading 2036 Unused Serialized files (Serialized files now loaded: 0)
System memory in use before: 168.5 MB.
System memory in use after: 168.7 MB.

Unloading 15 unused Assets to reduce memory usage. Loaded Objects now: 2783.
Total: 3.860100 ms (FindLiveObjects: 0.227300 ms CreateObjectMapping: 0.085800 ms MarkObjects: 3.474200 ms  DeleteObjects: 0.071600 ms)

========================================================================
Received Prepare
Registering precompiled user dll's ...
Registered in 0.003757 seconds.
Begin MonoManager ReloadAssembly
Native extension for WindowsStandalone target not found
Refreshing native plugins compatible for Editor in 0.54 ms, found 2 plugins.
Preloading 0 native plugins for Editor in 0.00 ms.
Mono: successfully reloaded assembly
- Completed reload, in  1.046 seconds
Platform modules already initialized, skipping
Refreshing native plugins compatible for Editor in 0.43 ms, found 2 plugins.
Preloading 0 native plugins for Editor in 0.00 ms.
Unloading 2036 Unused Serialized files (Serialized files now loaded: 0)
System memory in use before: 168.5 MB.
System memory in use after: 168.7 MB.

Unloading 15 unused Assets to reduce memory usage. Loaded Objects now: 2786.
Total: 2.286900 ms (FindLiveObjects: 0.219300 ms CreateObjectMapping: 0.084300 ms MarkObjects: 1.921300 ms  DeleteObjects: 0.061100 ms)

========================================================================
Received Prepare
Registering precompiled user dll's ...
Registered in 0.003758 seconds.
Begin MonoManager ReloadAssembly
Native extension for WindowsStandalone target not found
Refreshing native plugins compatible for Editor in 0.55 ms, found 2 plugins.
Preloading 0 native plugins for Editor in 0.00 ms.
Mono: successfully reloaded assembly
- Completed reload, in  1.241 seconds
Platform modules already initialized, skipping
Refreshing native plugins compatible for Editor in 0.43 ms, found 2 plugins.
Preloading 0 native plugins for Editor in 0.00 ms.
Unloading 2036 Unused Serialized files (Serialized files now loaded: 0)
System memory in use before: 168.5 MB.
System memory in use after: 168.7 MB.

Unloading 15 unused Assets to reduce memory usage. Loaded Objects now: 2789.
Total: 2.894800 ms (FindLiveObjects: 0.216200 ms CreateObjectMapping: 0.082900 ms MarkObjects: 2.521800 ms  DeleteObjects: 0.072700 ms)

========================================================================
Received Prepare
Registering precompiled user dll's ...
Registered in 0.005428 seconds.
Begin MonoManager ReloadAssembly
Native extension for WindowsStandalone target not found
Refreshing native plugins compatible for Editor in 0.81 ms, found 2 plugins.
Preloading 0 native plugins for Editor in 0.00 ms.
Mono: successfully reloaded assembly
- Completed reload, in  1.735 seconds
Platform modules already initialized, skipping
Refreshing native plugins compatible for Editor in 3.52 ms, found 2 plugins.
Preloading 0 native plugins for Editor in 0.00 ms.
Unloading 2036 Unused Serialized files (Serialized files now loaded: 0)
System memory in use before: 168.4 MB.
System memory in use after: 168.6 MB.

Unloading 15 unused Assets to reduce memory usage. Loaded Objects now: 2792.
Total: 3.316900 ms (FindLiveObjects: 0.503600 ms CreateObjectMapping: 0.117500 ms MarkObjects: 2.630900 ms  DeleteObjects: 0.063000 ms)

========================================================================
Received Prepare
Registering precompiled user dll's ...
Registered in 0.003892 seconds.
Begin MonoManager ReloadAssembly
Native extension for WindowsStandalone target not found
Refreshing native plugins compatible for Editor in 0.41 ms, found 2 plugins.
Preloading 0 native plugins for Editor in 0.00 ms.
Mono: successfully reloaded assembly
- Completed reload, in  1.080 seconds
Platform modules already initialized, skipping
Refreshing native plugins compatible for Editor in 0.42 ms, found 2 plugins.
Preloading 0 native plugins for Editor in 0.00 ms.
Unloading 2036 Unused Serialized files (Serialized files now loaded: 0)
System memory in use before: 168.5 MB.
System memory in use after: 168.7 MB.

Unloading 15 unused Assets to reduce memory usage. Loaded Objects now: 2795.
Total: 2.324200 ms (FindLiveObjects: 0.212900 ms CreateObjectMapping: 0.070000 ms MarkObjects: 1.972900 ms  DeleteObjects: 0.067500 ms)

========================================================================
Received Prepare
Registering precompiled user dll's ...
Registered in 0.005720 seconds.
Begin MonoManager ReloadAssembly
Native extension for WindowsStandalone target not found
Refreshing native plugins compatible for Editor in 0.45 ms, found 2 plugins.
Preloading 0 native plugins for Editor in 0.00 ms.
Mono: successfully reloaded assembly
- Completed reload, in  1.131 seconds
Platform modules already initialized, skipping
Refreshing native plugins compatible for Editor in 0.48 ms, found 2 plugins.
Preloading 0 native plugins for Editor in 0.00 ms.
Unloading 2036 Unused Serialized files (Serialized files now loaded: 0)
System memory in use before: 168.5 MB.
System memory in use after: 168.7 MB.

Unloading 15 unused Assets to reduce memory usage. Loaded Objects now: 2798.
Total: 2.553400 ms (FindLiveObjects: 0.212500 ms CreateObjectMapping: 0.081200 ms MarkObjects: 2.124200 ms  DeleteObjects: 0.134500 ms)

========================================================================
Received Prepare
Registering precompiled user dll's ...
Registered in 0.003991 seconds.
Begin MonoManager ReloadAssembly
Native extension for WindowsStandalone target not found
Refreshing native plugins compatible for Editor in 0.43 ms, found 2 plugins.
Preloading 0 native plugins for Editor in 0.00 ms.
Mono: successfully reloaded assembly
- Completed reload, in  1.238 seconds
Platform modules already initialized, skipping
Refreshing native plugins compatible for Editor in 1.22 ms, found 2 plugins.
Preloading 0 native plugins for Editor in 0.00 ms.
Unloading 2036 Unused Serialized files (Serialized files now loaded: 0)
System memory in use before: 168.5 MB.
System memory in use after: 168.7 MB.

Unloading 15 unused Assets to reduce memory usage. Loaded Objects now: 2801.
Total: 2.205500 ms (FindLiveObjects: 0.221600 ms CreateObjectMapping: 0.085500 ms MarkObjects: 1.817100 ms  DeleteObjects: 0.080500 ms)

AssetImportWorkerClient::OnTransportError - code=2 error=End of file
